<?xml version="1.0" encoding="UTF-8"?>
<testng-results skipped="0" failed="0" total="1" passed="1">
  <reporter-output>
  </reporter-output>
  <suite name="Default suite" duration-ms="148" started-at="2020-09-07T17:22:34Z" finished-at="2020-09-07T17:22:34Z">
    <groups>
    </groups>
    <test name="Default test" duration-ms="148" started-at="2020-09-07T17:22:34Z" finished-at="2020-09-07T17:22:34Z">
      <class name="TestNG.ParameterizationConcepts">
        <test-method status="PASS" signature="convertListToSet()[pri:0, instance:TestNG.ParameterizationConcepts@4678c730]" name="convertListToSet" duration-ms="35" started-at="2020-09-07T22:52:34Z" finished-at="2020-09-07T22:52:34Z">
          <reporter-output>
          </reporter-output>
        </test-method> <!-- convertListToSet -->
      </class> <!-- TestNG.ParameterizationConcepts -->
    </test> <!-- Default test -->
  </suite> <!-- Default suite -->
</testng-results>
